2026-03-01 12:01:41 WARN ADCS Reaction wheel vibration elevated
2026-03-01 12:02:32 INFO ADCS Attitude stable
2026-03-01 12:04:18 INFO PAYLOAD Sensor capture completed
2026-03-01 12:05:53 INFO COMMS Link established
2026-03-01 12:06:40 INFO PAYLOAD Sensor capture completed
2026-03-01 12:08:11 INFO ADCS Pointing lock maintained
2026-03-01 12:09:40 INFO NAV Navigation solution nominal
2026-03-01 12:10:35 INFO COMMS Beacon transmitted
2026-03-01 12:12:24 INFO THERMAL Temperature nominal
2026-03-01 12:13:11 INFO THERMAL Temperature nominal
2026-03-01 12:13:42 INFO THERMAL Radiator loop stable
2026-03-01 12:15:19 INFO COMMS Packet queue empty
2026-03-01 12:16:47 WARN NAV Ephemeris update delayed
2026-03-01 12:18:17 INFO ADCS Pointing lock maintained
2026-03-01 12:20:30 INFO PAYLOAD Sensor capture completed
2026-03-01 12:22:20 WARN ADCS Pointing jitter detected
2026-03-01 12:24:18 INFO COMMS Beacon transmitted
2026-03-01 12:26:28 WARN THERMAL Cooling efficiency reduced
2026-03-01 12:28:09 INFO POWER Power bus nominal
2026-03-01 12:29:14 INFO THERMAL Thermal control nominal
2026-03-01 12:31:33 INFO COMMS Channel check passed
2026-03-01 12:33:14 INFO ADCS Attitude stable
2026-03-01 12:33:54 INFO THERMAL Thermal control nominal
2026-03-01 12:35:42 INFO ADCS Reaction wheel nominal
2026-03-01 12:37:49 INFO COMMS Beacon transmitted
2026-03-01 12:39:54 ERROR THERMAL Heater control fault
2026-03-01 12:40:48 WARN PAYLOAD Optical noise elevated
2026-03-01 12:41:48 INFO NAV Position estimate updated
2026-03-01 12:44:01 INFO NAV Orbit propagation updated
2026-03-01 12:44:54 WARN ADCS Attitude correction backlog
2026-03-01 12:46:22 INFO PAYLOAD Imaging cycle complete
2026-03-01 12:48:36 INFO THERMAL Temperature nominal
2026-03-01 12:49:13 INFO COMMS Link established
2026-03-01 12:51:23 WARN ADCS Pointing jitter detected
2026-03-01 12:53:24 INFO PAYLOAD Sensor capture completed
2026-03-01 12:54:33 INFO NAV Navigation solution nominal
2026-03-01 12:55:25 INFO DATA Telemetry frame stored
2026-03-01 12:57:12 INFO ADCS Pointing lock maintained
2026-03-01 12:59:08 INFO ADCS Reaction wheel nominal
2026-03-01 12:59:42 INFO POWER Load balancing complete
2026-03-01 13:00:02 INFO ADCS Reaction wheel nominal
2026-03-01 13:01:26 INFO PAYLOAD Sensor capture completed
2026-03-01 13:03:37 INFO DATA Data checksum valid
2026-03-01 13:05:01 INFO POWER Power bus nominal
2026-03-01 13:06:58 WARN DATA Frame reorder detected
2026-03-01 13:09:15 ERROR THERMAL Heater control fault
2026-03-01 13:09:37 WARN THERMAL Cooling efficiency reduced
2026-03-01 13:10:27 WARN PAYLOAD Sensor response delayed
2026-03-01 13:10:57 INFO DATA Telemetry frame stored
2026-03-01 13:12:54 INFO POWER Solar input stable
2026-03-01 13:14:38 INFO PAYLOAD Sensor capture completed
2026-03-01 13:15:31 INFO PAYLOAD Imaging cycle complete
2026-03-01 13:16:18 INFO DATA Data checksum valid
2026-03-01 13:18:06 INFO THERMAL Radiator loop stable
2026-03-01 13:19:51 INFO NAV Navigation solution nominal
2026-03-01 13:21:08 WARN POWER Voltage fluctuation detected
2026-03-01 13:22:11 ERROR PAYLOAD Payload capture failed
2026-03-01 13:23:46 INFO COMMS Link established
2026-03-01 13:24:35 WARN COMMS Intermittent downlink delay
2026-03-01 13:25:04 INFO THERMAL Thermal control nominal
2026-03-01 13:26:26 INFO POWER Load balancing complete
2026-03-01 13:27:17 INFO DATA Buffer flush complete
2026-03-01 13:28:01 WARN ADCS Reaction wheel vibration elevated
2026-03-01 13:29:06 INFO NAV Navigation solution nominal
2026-03-01 13:29:32 INFO ADCS Attitude stable
2026-03-01 13:29:59 INFO THERMAL Temperature nominal
2026-03-01 13:30:50 INFO PAYLOAD Imaging cycle complete
2026-03-01 13:31:27 INFO THERMAL Radiator loop stable
2026-03-01 13:32:18 INFO COMMS Packet queue empty
2026-03-01 13:34:21 INFO PAYLOAD Sensor capture completed
2026-03-01 13:34:47 INFO PAYLOAD Sensor capture completed
2026-03-01 13:35:18 INFO DATA Telemetry frame stored
2026-03-01 13:35:59 INFO NAV Orbit propagation updated
2026-03-01 13:38:09 INFO COMMS Beacon transmitted
2026-03-01 13:39:17 ERROR NAV Navigation solution invalid
2026-03-01 13:41:35 INFO NAV Position estimate updated
2026-03-01 13:42:49 INFO ADCS Pointing lock maintained
2026-03-01 13:44:33 INFO POWER Solar input stable
2026-03-01 13:45:30 INFO COMMS Channel check passed
2026-03-01 13:47:24 INFO ADCS Reaction wheel nominal
2026-03-01 13:47:51 WARN NAV Clock drift above nominal
2026-03-01 13:50:08 INFO POWER Battery nominal
2026-03-01 13:51:33 WARN POWER Voltage fluctuation detected
2026-03-01 13:53:09 WARN DATA Buffer utilization high
2026-03-01 13:54:20 WARN PAYLOAD Sensor response delayed
2026-03-01 13:55:54 INFO PAYLOAD Sensor capture completed
2026-03-01 13:57:07 INFO PAYLOAD Payload idle
2026-03-01 13:58:07 INFO POWER Power bus nominal
2026-03-01 13:58:57 INFO POWER Power bus nominal
2026-03-01 14:00:15 INFO DATA Telemetry frame stored
2026-03-01 14:00:36 INFO PAYLOAD Sensor capture completed
2026-03-01 14:01:05 INFO PAYLOAD Imaging cycle complete
2026-03-01 14:01:41 INFO COMMS Beacon transmitted
2026-03-01 14:02:48 INFO NAV Navigation solution nominal
2026-03-01 14:04:38 INFO DATA Data checksum valid
2026-03-01 14:06:05 ERROR DATA Data pipeline halted
2026-03-01 14:07:03 INFO COMMS Beacon transmitted
2026-03-01 14:07:56 WARN COMMS Signal attenuation detected
2026-03-01 14:09:26 WARN THERMAL Thermal gradient increasing
2026-03-01 14:10:12 INFO POWER Power bus nominal
2026-03-01 14:11:36 INFO DATA Telemetry frame stored
2026-03-01 14:12:07 INFO DATA Buffer flush complete
2026-03-01 14:12:32 ERROR DATA Telemetry corruption detected
2026-03-01 14:14:13 INFO POWER Load balancing complete
2026-03-01 14:15:43 INFO PAYLOAD Sensor capture completed
2026-03-01 14:16:17 WARN ADCS Pointing jitter detected
2026-03-01 14:17:46 ERROR THERMAL Temperature limit exceeded
2026-03-01 14:19:16 WARN POWER Voltage fluctuation detected
2026-03-01 14:20:15 INFO DATA Telemetry frame stored
2026-03-01 14:22:30 INFO ADCS Attitude stable
2026-03-01 14:24:15 WARN DATA Frame reorder detected
2026-03-01 14:26:28 INFO PAYLOAD Payload idle
2026-03-01 14:27:07 INFO POWER Solar input stable
2026-03-01 14:29:09 INFO NAV Orbit propagation updated
2026-03-01 14:29:51 INFO THERMAL Radiator loop stable
2026-03-01 14:31:53 INFO ADCS Attitude stable
2026-03-01 14:32:47 WARN ADCS Pointing jitter detected
2026-03-01 14:33:55 INFO DATA Buffer flush complete
2026-03-01 14:34:43 INFO NAV Position estimate updated
2026-03-01 14:35:42 INFO DATA Telemetry frame stored
2026-03-01 14:36:30 ERROR POWER Battery protection trip
2026-03-01 14:37:32 INFO COMMS Downlink nominal
2026-03-01 14:38:36 INFO NAV Navigation solution nominal
2026-03-01 14:40:43 INFO COMMS Link established
2026-03-01 14:42:55 INFO POWER Power bus nominal
2026-03-01 14:43:19 WARN NAV Position residual elevated
2026-03-01 14:45:12 INFO NAV Navigation solution nominal
2026-03-01 14:46:37 WARN PAYLOAD Sensor response delayed
2026-03-01 14:47:29 ERROR NAV Position calculation failed
2026-03-01 14:48:55 INFO PAYLOAD Payload idle
2026-03-01 14:50:47 INFO ADCS Pointing lock maintained
2026-03-01 14:51:32 INFO COMMS Downlink nominal
2026-03-01 14:53:11 INFO DATA Telemetry frame stored
2026-03-01 14:55:03 INFO PAYLOAD Imaging cycle complete
2026-03-01 14:56:48 INFO NAV Navigation solution nominal
2026-03-01 14:57:45 INFO POWER Load balancing complete
2026-03-01 14:59:30 INFO ADCS Pointing lock maintained
2026-03-01 15:01:45 INFO PAYLOAD Imaging cycle complete
2026-03-01 15:02:56 INFO COMMS Downlink nominal
2026-03-01 15:03:52 INFO DATA Data checksum valid
