2026-03-01 12:01:37 INFO NAV Position estimate updated
2026-03-01 12:02:53 INFO PAYLOAD Imaging cycle complete
2026-03-01 12:04:54 INFO DATA Data checksum valid
2026-03-01 12:05:35 INFO THERMAL Thermal control nominal
2026-03-01 12:07:19 INFO THERMAL Temperature nominal
2026-03-01 12:09:23 INFO POWER Power bus nominal
2026-03-01 12:10:11 INFO POWER Battery nominal
2026-03-01 12:10:36 WARN NAV Clock drift above nominal
2026-03-01 12:12:44 INFO NAV Position estimate updated
2026-03-01 12:14:57 INFO POWER Load balancing complete
2026-03-01 12:16:20 INFO POWER Battery nominal
2026-03-01 12:18:34 INFO DATA Telemetry frame stored
2026-03-01 12:20:33 INFO POWER Load balancing complete
2026-03-01 12:20:59 INFO DATA Telemetry frame stored
2026-03-01 12:22:17 WARN NAV Clock drift above nominal
2026-03-01 12:23:44 INFO PAYLOAD Imaging cycle complete
2026-03-01 12:25:40 INFO PAYLOAD Payload idle
2026-03-01 12:27:54 INFO DATA Data checksum valid
2026-03-01 12:29:11 INFO ADCS Reaction wheel nominal
2026-03-01 12:30:28 WARN POWER Transient current spike observed
2026-03-01 12:31:23 INFO PAYLOAD Imaging cycle complete
2026-03-01 12:33:03 WARN NAV Ephemeris update delayed
2026-03-01 12:34:54 INFO THERMAL Radiator loop stable
2026-03-01 12:35:54 INFO COMMS Beacon transmitted
2026-03-01 12:36:33 WARN ADCS Pointing jitter detected
2026-03-01 12:38:23 WARN NAV Position residual elevated
2026-03-01 12:39:25 INFO NAV Orbit propagation updated
2026-03-01 12:40:11 INFO NAV Navigation solution nominal
2026-03-01 12:42:00 ERROR DATA Data pipeline halted
2026-03-01 12:43:08 INFO THERMAL Radiator loop stable
2026-03-01 12:45:04 INFO DATA Buffer flush complete
2026-03-01 12:46:32 INFO PAYLOAD Payload idle
2026-03-01 12:48:46 WARN POWER Battery discharge rate elevated
2026-03-01 12:50:01 INFO NAV Position estimate updated
2026-03-01 12:51:46 INFO NAV Navigation solution nominal
2026-03-01 12:52:27 INFO POWER Battery nominal
2026-03-01 12:54:43 INFO PAYLOAD Payload idle
2026-03-01 12:55:06 ERROR NAV Position calculation failed
2026-03-01 12:57:16 INFO COMMS Downlink nominal
2026-03-01 12:58:24 INFO NAV Position estimate updated
2026-03-01 12:59:27 INFO NAV Position estimate updated
2026-03-01 13:01:23 INFO NAV Position estimate updated
2026-03-01 13:03:29 ERROR COMMS Loss of carrier detected
2026-03-01 13:04:58 ERROR THERMAL Thermal runaway risk detected
2026-03-01 13:06:41 ERROR ADCS Attitude control fault
2026-03-01 13:08:37 ERROR POWER Power bus fault
2026-03-01 13:10:44 ERROR POWER Power bus fault
2026-03-01 13:11:20 INFO COMMS Channel check passed
2026-03-01 13:12:07 INFO THERMAL Radiator loop stable
2026-03-01 13:12:48 INFO ADCS Pointing lock maintained
2026-03-01 13:13:22 INFO POWER Power bus nominal
2026-03-01 13:13:55 INFO THERMAL Thermal control nominal
2026-03-01 13:15:41 INFO NAV Position estimate updated
2026-03-01 13:18:01 INFO COMMS Channel check passed
2026-03-01 13:19:49 INFO POWER Battery nominal
2026-03-01 13:21:38 INFO DATA Data checksum valid
2026-03-01 13:23:14 INFO DATA Data checksum valid
2026-03-01 13:25:14 ERROR PAYLOAD Sensor calibration error
2026-03-01 13:26:58 INFO PAYLOAD Payload idle
2026-03-01 13:28:01 ERROR NAV Navigation solution invalid
2026-03-01 13:28:34 INFO THERMAL Thermal control nominal
2026-03-01 13:30:48 INFO ADCS Attitude stable
2026-03-01 13:32:03 WARN PAYLOAD Optical noise elevated
2026-03-01 13:32:57 INFO PAYLOAD Imaging cycle complete
2026-03-01 13:34:16 INFO ADCS Pointing lock maintained
2026-03-01 13:35:10 INFO POWER Battery nominal
2026-03-01 13:36:05 INFO POWER Load balancing complete
2026-03-01 13:37:37 INFO NAV Position estimate updated
2026-03-01 13:38:00 INFO THERMAL Temperature nominal
2026-03-01 13:39:22 WARN DATA Write latency elevated
2026-03-01 13:40:25 WARN PAYLOAD Optical noise elevated
2026-03-01 13:42:37 WARN COMMS Signal attenuation detected
2026-03-01 13:43:21 ERROR ADCS Reaction wheel saturation
2026-03-01 13:44:43 INFO POWER Load balancing complete
2026-03-01 13:46:25 INFO NAV Orbit propagation updated
2026-03-01 13:46:56 INFO NAV Navigation solution nominal
2026-03-01 13:47:47 INFO PAYLOAD Imaging cycle complete
2026-03-01 13:49:07 INFO THERMAL Radiator loop stable
2026-03-01 13:51:02 INFO THERMAL Thermal control nominal
2026-03-01 13:52:20 WARN THERMAL Temperature above expected band
2026-03-01 13:52:55 INFO THERMAL Temperature nominal
2026-03-01 13:54:50 INFO DATA Data checksum valid
2026-03-01 13:55:33 WARN ADCS Reaction wheel vibration elevated
2026-03-01 13:56:28 INFO DATA Data checksum valid
2026-03-01 13:58:04 INFO COMMS Beacon transmitted
2026-03-01 13:59:01 WARN POWER Battery discharge rate elevated
2026-03-01 13:59:22 INFO POWER Power bus nominal
2026-03-01 13:59:47 INFO PAYLOAD Imaging cycle complete
2026-03-01 14:01:36 INFO ADCS Reaction wheel nominal
2026-03-01 14:02:09 INFO PAYLOAD Imaging cycle complete
2026-03-01 14:03:29 INFO THERMAL Temperature nominal
2026-03-01 14:03:55 WARN DATA Write latency elevated
2026-03-01 14:04:29 INFO NAV Position estimate updated
2026-03-01 14:04:58 INFO ADCS Attitude stable
2026-03-01 14:05:37 WARN PAYLOAD Frame drop detected
2026-03-01 14:06:07 INFO COMMS Channel check passed
2026-03-01 14:08:04 INFO PAYLOAD Payload idle
2026-03-01 14:08:52 INFO NAV Position estimate updated
2026-03-01 14:11:08 INFO DATA Data checksum valid
2026-03-01 14:12:22 INFO PAYLOAD Sensor capture completed
2026-03-01 14:14:00 INFO COMMS Beacon transmitted
2026-03-01 14:15:40 WARN ADCS Pointing jitter detected
2026-03-01 14:16:20 WARN PAYLOAD Sensor response delayed
2026-03-01 14:17:00 ERROR NAV Orbit update rejected
2026-03-01 14:18:36 INFO COMMS Beacon transmitted
2026-03-01 14:19:32 INFO ADCS Reaction wheel nominal
2026-03-01 14:20:01 INFO THERMAL Thermal control nominal
2026-03-01 14:21:36 INFO POWER Load balancing complete
2026-03-01 14:22:10 INFO ADCS Attitude stable
2026-03-01 14:24:26 WARN POWER Voltage fluctuation detected
2026-03-01 14:24:53 WARN THERMAL Thermal gradient increasing
2026-03-01 14:26:48 INFO THERMAL Radiator loop stable
2026-03-01 14:27:23 INFO THERMAL Thermal control nominal
2026-03-01 14:28:34 INFO PAYLOAD Payload idle
2026-03-01 14:29:57 INFO PAYLOAD Sensor capture completed
2026-03-01 14:32:10 INFO THERMAL Thermal control nominal
2026-03-01 14:33:02 ERROR POWER Power distribution reset required
2026-03-01 14:35:09 INFO PAYLOAD Sensor capture completed
2026-03-01 14:37:06 INFO THERMAL Thermal control nominal
2026-03-01 14:37:31 INFO POWER Load balancing complete
2026-03-01 14:38:57 INFO THERMAL Temperature nominal
2026-03-01 14:40:31 INFO DATA Buffer flush complete
2026-03-01 14:41:02 INFO NAV Position estimate updated
2026-03-01 14:42:03 INFO DATA Telemetry frame stored
2026-03-01 14:43:05 INFO NAV Position estimate updated
2026-03-01 14:44:49 INFO DATA Data checksum valid
2026-03-01 14:45:13 INFO THERMAL Radiator loop stable
2026-03-01 14:46:14 WARN DATA Write latency elevated
2026-03-01 14:48:24 INFO COMMS Channel check passed
2026-03-01 14:49:43 INFO POWER Power bus nominal
2026-03-01 14:51:22 INFO ADCS Reaction wheel nominal
2026-03-01 14:53:19 ERROR THERMAL Temperature limit exceeded
2026-03-01 14:53:55 INFO NAV Navigation solution nominal
2026-03-01 14:55:17 WARN ADCS Attitude correction backlog
2026-03-01 14:57:19 WARN POWER Battery discharge rate elevated
2026-03-01 14:58:49 ERROR NAV Position calculation failed
2026-03-01 14:59:37 INFO COMMS Packet queue empty
2026-03-01 15:00:12 INFO POWER Load balancing complete
2026-03-01 15:02:31 INFO PAYLOAD Payload idle
2026-03-01 15:03:25 INFO NAV Position estimate updated
