2026-03-01 12:00:51 INFO POWER Load balancing complete
2026-03-01 12:01:35 INFO PAYLOAD Payload idle
2026-03-01 12:03:47 INFO COMMS Downlink nominal
2026-03-01 12:05:45 INFO NAV Position estimate updated
2026-03-01 12:08:04 INFO THERMAL Temperature nominal
2026-03-01 12:09:00 INFO DATA Data checksum valid
2026-03-01 12:10:34 INFO NAV Orbit propagation updated
2026-03-01 12:11:51 INFO THERMAL Radiator loop stable
2026-03-01 12:13:21 INFO NAV Position estimate updated
2026-03-01 12:15:40 INFO POWER Solar input stable
2026-03-01 12:17:13 INFO DATA Buffer flush complete
2026-03-01 12:17:38 INFO NAV Navigation solution nominal
2026-03-01 12:19:54 INFO NAV Navigation solution nominal
2026-03-01 12:21:55 INFO POWER Load balancing complete
2026-03-01 12:22:19 INFO PAYLOAD Imaging cycle complete
2026-03-01 12:24:30 WARN DATA Write latency elevated
2026-03-01 12:25:02 INFO NAV Orbit propagation updated
2026-03-01 12:26:54 INFO DATA Data checksum valid
2026-03-01 12:27:33 WARN DATA Write latency elevated
2026-03-01 12:28:36 INFO NAV Navigation solution nominal
2026-03-01 12:29:06 INFO DATA Data checksum valid
2026-03-01 12:31:15 INFO THERMAL Thermal control nominal
2026-03-01 12:33:06 INFO NAV Navigation solution nominal
2026-03-01 12:33:30 INFO POWER Power bus nominal
2026-03-01 12:34:19 INFO NAV Orbit propagation updated
2026-03-01 12:36:16 INFO DATA Telemetry frame stored
2026-03-01 12:37:32 INFO THERMAL Temperature nominal
2026-03-01 12:37:57 INFO COMMS Downlink nominal
2026-03-01 12:39:02 INFO POWER Solar input stable
2026-03-01 12:40:29 INFO ADCS Attitude stable
2026-03-01 12:41:10 INFO PAYLOAD Imaging cycle complete
2026-03-01 12:42:49 INFO NAV Navigation solution nominal
2026-03-01 12:43:27 INFO ADCS Reaction wheel nominal
2026-03-01 12:44:45 INFO COMMS Packet queue empty
2026-03-01 12:47:00 INFO PAYLOAD Sensor capture completed
2026-03-01 12:47:29 INFO THERMAL Thermal control nominal
2026-03-01 12:48:27 INFO NAV Navigation solution nominal
2026-03-01 12:49:19 INFO THERMAL Temperature nominal
2026-03-01 12:50:28 INFO COMMS Beacon transmitted
2026-03-01 12:51:36 INFO PAYLOAD Imaging cycle complete
2026-03-01 12:53:25 INFO DATA Data checksum valid
2026-03-01 12:54:35 INFO PAYLOAD Payload idle
2026-03-01 12:56:34 INFO COMMS Channel check passed
2026-03-01 12:58:29 INFO THERMAL Temperature nominal
2026-03-01 13:00:06 INFO POWER Solar input stable
2026-03-01 13:01:45 INFO DATA Data checksum valid
2026-03-01 13:03:43 INFO DATA Telemetry frame stored
2026-03-01 13:05:23 WARN ADCS Attitude correction backlog
2026-03-01 13:05:48 INFO NAV Orbit propagation updated
2026-03-01 13:07:22 INFO POWER Battery nominal
2026-03-01 13:09:38 INFO ADCS Reaction wheel nominal
2026-03-01 13:10:20 INFO DATA Data checksum valid
2026-03-01 13:12:32 INFO PAYLOAD Payload idle
2026-03-01 13:14:48 INFO POWER Power bus nominal
2026-03-01 13:17:04 INFO NAV Position estimate updated
2026-03-01 13:18:59 INFO DATA Telemetry frame stored
2026-03-01 13:20:18 INFO POWER Solar input stable
2026-03-01 13:22:28 INFO ADCS Reaction wheel nominal
2026-03-01 13:24:36 INFO THERMAL Temperature nominal
2026-03-01 13:26:37 INFO THERMAL Thermal control nominal
2026-03-01 13:27:12 INFO ADCS Pointing lock maintained
2026-03-01 13:28:58 INFO NAV Navigation solution nominal
2026-03-01 13:31:18 INFO ADCS Attitude stable
2026-03-01 13:32:38 WARN PAYLOAD Sensor calibration error
2026-03-01 13:34:55 INFO ADCS Attitude stable
2026-03-01 13:36:36 INFO ADCS Reaction wheel nominal
2026-03-01 13:38:19 INFO POWER Battery nominal
2026-03-01 13:38:43 INFO NAV Orbit propagation updated
2026-03-01 13:39:15 INFO PAYLOAD Sensor capture completed
2026-03-01 13:40:24 INFO ADCS Pointing lock maintained
2026-03-01 13:42:13 INFO NAV Navigation solution nominal
2026-03-01 13:44:08 INFO NAV Navigation solution nominal
2026-03-01 13:44:40 INFO PAYLOAD Imaging cycle complete
2026-03-01 13:47:00 INFO COMMS Downlink nominal
2026-03-01 13:47:47 INFO POWER Power bus nominal
2026-03-01 13:48:19 INFO THERMAL Thermal control nominal
2026-03-01 13:50:34 INFO THERMAL Temperature nominal
2026-03-01 13:51:44 INFO COMMS Packet queue empty
2026-03-01 13:52:15 INFO ADCS Pointing lock maintained
2026-03-01 13:53:51 INFO COMMS Downlink nominal
2026-03-01 13:54:42 INFO DATA Data checksum valid
2026-03-01 13:55:28 WARN DATA Frame reorder detected
2026-03-01 13:56:14 INFO DATA Telemetry frame stored
2026-03-01 13:57:16 INFO DATA Data checksum valid
2026-03-01 13:57:36 INFO POWER Solar input stable
2026-03-01 13:59:05 INFO POWER Battery nominal
2026-03-01 14:00:49 INFO POWER Battery nominal
2026-03-01 14:01:54 INFO POWER Power bus nominal
2026-03-01 14:02:16 INFO COMMS Beacon transmitted
2026-03-01 14:04:10 INFO COMMS Link established
2026-03-01 14:05:30 INFO THERMAL Thermal control nominal
2026-03-01 14:07:05 WARN PAYLOAD Sensor response delayed
2026-03-01 14:08:43 WARN DATA Frame reorder detected
2026-03-01 14:10:09 INFO ADCS Attitude stable
2026-03-01 14:10:36 INFO DATA Buffer flush complete
2026-03-01 14:11:50 INFO NAV Navigation solution nominal
2026-03-01 14:14:06 INFO COMMS Downlink nominal
2026-03-01 14:15:43 INFO POWER Power bus nominal
2026-03-01 14:17:22 INFO PAYLOAD Payload idle
2026-03-01 14:18:23 INFO PAYLOAD Payload idle
2026-03-01 14:19:20 INFO PAYLOAD Imaging cycle complete
2026-03-01 14:19:52 INFO COMMS Channel check passed
2026-03-01 14:21:44 INFO NAV Position estimate updated
2026-03-01 14:23:57 INFO THERMAL Radiator loop stable
2026-03-01 14:25:08 INFO COMMS Downlink nominal
2026-03-01 14:26:22 INFO THERMAL Radiator loop stable
2026-03-01 14:27:01 INFO NAV Orbit propagation updated
2026-03-01 14:27:32 INFO COMMS Packet queue empty
2026-03-01 14:28:04 INFO THERMAL Temperature nominal
2026-03-01 14:29:35 WARN PAYLOAD Optical noise elevated
2026-03-01 14:30:37 INFO NAV Position estimate updated
2026-03-01 14:32:48 INFO DATA Buffer flush complete
2026-03-01 14:34:59 INFO COMMS Downlink nominal
2026-03-01 14:36:35 INFO COMMS Channel check passed
2026-03-01 14:37:59 INFO ADCS Reaction wheel nominal
2026-03-01 14:38:47 INFO THERMAL Thermal control nominal
2026-03-01 14:39:54 WARN THERMAL Thermal gradient increasing
2026-03-01 14:40:42 INFO DATA Data checksum valid
2026-03-01 14:42:40 INFO PAYLOAD Payload idle
2026-03-01 14:44:22 INFO PAYLOAD Payload idle
2026-03-01 14:46:28 INFO COMMS Beacon transmitted
2026-03-01 14:47:22 INFO THERMAL Radiator loop stable
2026-03-01 14:48:26 WARN DATA Telemetry corruption detected
2026-03-01 14:49:58 INFO COMMS Beacon transmitted
2026-03-01 14:51:52 INFO COMMS Link established
2026-03-01 14:53:47 INFO NAV Position estimate updated
2026-03-01 14:55:05 INFO THERMAL Radiator loop stable
2026-03-01 14:56:57 INFO PAYLOAD Payload idle
2026-03-01 14:57:27 INFO POWER Solar input stable
2026-03-01 14:59:23 INFO ADCS Attitude stable
2026-03-01 15:00:17 INFO NAV Position estimate updated
2026-03-01 15:01:54 INFO THERMAL Temperature nominal
2026-03-01 15:03:50 INFO THERMAL Radiator loop stable
2026-03-01 15:04:24 INFO ADCS Pointing lock maintained
2026-03-01 15:05:46 INFO THERMAL Temperature nominal
2026-03-01 15:06:34 INFO PAYLOAD Sensor capture completed
2026-03-01 15:06:54 INFO POWER Solar input stable
2026-03-01 15:08:51 INFO THERMAL Temperature nominal
2026-03-01 15:09:11 INFO NAV Orbit propagation updated
2026-03-01 15:09:47 INFO ADCS Attitude stable
